<?xml version="1.0" encoding="UTF-8"?>
<testsuite xmlns:xsi="http://www.w3.org/2001/XMLSchema-instance" xsi:noNamespaceSchemaLocation="https://maven.apache.org/surefire/maven-surefire-plugin/xsd/surefire-test-report.xsd" name="com.vogella.maven.eclipse.AppTest" time="0.017" tests="1" errors="0" skipped="0" failures="0">
  <properties>
    <property name="java.specification.version" value="14"/>
    <property name="sun.cpu.isalist" value="amd64"/>
    <property name="sun.jnu.encoding" value="Cp1252"/>
    <property name="java.class.path" value="C:\Users\Nic\eclipse-workspace\com.vogella.maven.eclipse\target\test-classes;C:\Users\Nic\eclipse-workspace\com.vogella.maven.eclipse\target\classes;C:\Users\Nic\.m2\repository\org\junit\jupiter\junit-jupiter-api\5.7.0\junit-jupiter-api-5.7.0.jar;C:\Users\Nic\.m2\repository\org\apiguardian\apiguardian-api\1.1.0\apiguardian-api-1.1.0.jar;C:\Users\Nic\.m2\repository\org\opentest4j\opentest4j\1.2.0\opentest4j-1.2.0.jar;C:\Users\Nic\.m2\repository\org\junit\platform\junit-platform-commons\1.7.0\junit-platform-commons-1.7.0.jar;C:\Users\Nic\.m2\repository\org\junit\jupiter\junit-jupiter-engine\5.7.0\junit-jupiter-engine-5.7.0.jar;C:\Users\Nic\.m2\repository\org\junit\platform\junit-platform-engine\1.7.0\junit-platform-engine-1.7.0.jar;C:\Users\Nic\.m2\repository\net\automatalib\automata-brics\0.10.0\automata-brics-0.10.0.jar;C:\Users\Nic\.m2\repository\org\checkerframework\checker-qual\3.7.0\checker-qual-3.7.0.jar;C:\Users\Nic\.m2\repository\net\automatalib\automata-api\0.10.0\automata-api-0.10.0.jar;C:\Users\Nic\.m2\repository\com\google\guava\guava\29.0-jre\guava-29.0-jre.jar;C:\Users\Nic\.m2\repository\com\google\guava\failureaccess\1.0.1\failureaccess-1.0.1.jar;C:\Users\Nic\.m2\repository\com\google\guava\listenablefuture\9999.0-empty-to-avoid-conflict-with-guava\listenablefuture-9999.0-empty-to-avoid-conflict-with-guava.jar;C:\Users\Nic\.m2\repository\com\google\errorprone\error_prone_annotations\2.3.4\error_prone_annotations-2.3.4.jar;C:\Users\Nic\.m2\repository\com\google\j2objc\j2objc-annotations\1.3\j2objc-annotations-1.3.jar;C:\Users\Nic\.m2\repository\net\automatalib\automata-commons-smartcollections\0.10.0\automata-commons-smartcollections-0.10.0.jar;C:\Users\Nic\.m2\repository\net\automatalib\automata-commons-util\0.10.0\automata-commons-util-0.10.0.jar;C:\Users\Nic\.m2\repository\org\slf4j\slf4j-api\1.7.30\slf4j-api-1.7.30.jar;C:\Users\Nic\.m2\repository\net\automatalib\automata-core\0.10.0\automata-core-0.10.0.jar;C:\Users\Nic\.m2\repository\net\automatalib\automata-incremental\0.10.0\automata-incremental-0.10.0.jar;C:\Users\Nic\.m2\repository\net\automatalib\automata-modelchecking-ltsmin\0.10.0\automata-modelchecking-ltsmin-0.10.0.jar;C:\Users\Nic\.m2\repository\net\automatalib\automata-serialization-aut\0.10.0\automata-serialization-aut-0.10.0.jar;C:\Users\Nic\.m2\repository\net\automatalib\automata-serialization-core\0.10.0\automata-serialization-core-0.10.0.jar;C:\Users\Nic\.m2\repository\net\automatalib\automata-serialization-dot\0.10.0\automata-serialization-dot-0.10.0.jar;C:\Users\Nic\.m2\repository\net\automatalib\automata-serialization-etf\0.10.0\automata-serialization-etf-0.10.0.jar;C:\Users\Nic\.m2\repository\net\automatalib\automata-serialization-fsm\0.10.0\automata-serialization-fsm-0.10.0.jar;C:\Users\Nic\.m2\repository\net\automatalib\automata-serialization-learnlibv2\0.10.0\automata-serialization-learnlibv2-0.10.0.jar;C:\Users\Nic\.m2\repository\net\automatalib\automata-serialization-saf\0.10.0\automata-serialization-saf-0.10.0.jar;C:\Users\Nic\.m2\repository\net\automatalib\automata-serialization-taf\0.10.0\automata-serialization-taf-0.10.0.jar;C:\Users\Nic\.m2\repository\net\automatalib\automata-util\0.10.0\automata-util-0.10.0.jar;C:\Users\Nic\.m2\repository\net\automatalib\automata-dot-visualizer\0.10.0\automata-dot-visualizer-0.10.0.jar;C:\Users\Nic\.m2\repository\net\automatalib\automata-jung-visualizer\0.10.0\automata-jung-visualizer-0.10.0.jar;C:\Users\Nic\.m2\repository\com\github\misberner\graphviz-awt-shapes\graphviz-awt-shapes\0.0.1\graphviz-awt-shapes-0.0.1.jar;C:\Users\Nic\.m2\repository\net\sf\jung\jung-algorithms\2.1.1\jung-algorithms-2.1.1.jar;C:\Users\Nic\.m2\repository\net\sf\jung\jung-api\2.1.1\jung-api-2.1.1.jar;C:\Users\Nic\.m2\repository\net\sf\jung\jung-graph-impl\2.1.1\jung-graph-impl-2.1.1.jar;C:\Users\Nic\.m2\repository\net\sf\jung\jung-visualization\2.1.1\jung-visualization-2.1.1.jar;"/>
    <property name="java.vm.vendor" value="Oracle Corporation"/>
    <property name="sun.arch.data.model" value="64"/>
    <property name="user.variant" value=""/>
    <property name="java.vendor.url" value="https://java.oracle.com/"/>
    <property name="user.timezone" value="Europe/Berlin"/>
    <property name="os.name" value="Windows 10"/>
    <property name="java.vm.specification.version" value="14"/>
    <property name="sun.java.launcher" value="SUN_STANDARD"/>
    <property name="user.country" value="DE"/>
    <property name="sun.boot.library.path" value="C:\Program Files\Java\jdk-14.0.1\bin"/>
    <property name="sun.java.command" value="C:\Users\Nic\AppData\Local\Temp\surefire10321236040172160803\surefirebooter9531147263603061649.jar C:\Users\Nic\AppData\Local\Temp\surefire10321236040172160803 2021-02-04T12-39-59_730-jvmRun1 surefire15183535134334291514tmp surefire_06024722345906843418tmp"/>
    <property name="jdk.debug" value="release"/>
    <property name="surefire.test.class.path" value="C:\Users\Nic\eclipse-workspace\com.vogella.maven.eclipse\target\test-classes;C:\Users\Nic\eclipse-workspace\com.vogella.maven.eclipse\target\classes;C:\Users\Nic\.m2\repository\org\junit\jupiter\junit-jupiter-api\5.7.0\junit-jupiter-api-5.7.0.jar;C:\Users\Nic\.m2\repository\org\apiguardian\apiguardian-api\1.1.0\apiguardian-api-1.1.0.jar;C:\Users\Nic\.m2\repository\org\opentest4j\opentest4j\1.2.0\opentest4j-1.2.0.jar;C:\Users\Nic\.m2\repository\org\junit\platform\junit-platform-commons\1.7.0\junit-platform-commons-1.7.0.jar;C:\Users\Nic\.m2\repository\org\junit\jupiter\junit-jupiter-engine\5.7.0\junit-jupiter-engine-5.7.0.jar;C:\Users\Nic\.m2\repository\org\junit\platform\junit-platform-engine\1.7.0\junit-platform-engine-1.7.0.jar;C:\Users\Nic\.m2\repository\net\automatalib\automata-brics\0.10.0\automata-brics-0.10.0.jar;C:\Users\Nic\.m2\repository\org\checkerframework\checker-qual\3.7.0\checker-qual-3.7.0.jar;C:\Users\Nic\.m2\repository\net\automatalib\automata-api\0.10.0\automata-api-0.10.0.jar;C:\Users\Nic\.m2\repository\com\google\guava\guava\29.0-jre\guava-29.0-jre.jar;C:\Users\Nic\.m2\repository\com\google\guava\failureaccess\1.0.1\failureaccess-1.0.1.jar;C:\Users\Nic\.m2\repository\com\google\guava\listenablefuture\9999.0-empty-to-avoid-conflict-with-guava\listenablefuture-9999.0-empty-to-avoid-conflict-with-guava.jar;C:\Users\Nic\.m2\repository\com\google\errorprone\error_prone_annotations\2.3.4\error_prone_annotations-2.3.4.jar;C:\Users\Nic\.m2\repository\com\google\j2objc\j2objc-annotations\1.3\j2objc-annotations-1.3.jar;C:\Users\Nic\.m2\repository\net\automatalib\automata-commons-smartcollections\0.10.0\automata-commons-smartcollections-0.10.0.jar;C:\Users\Nic\.m2\repository\net\automatalib\automata-commons-util\0.10.0\automata-commons-util-0.10.0.jar;C:\Users\Nic\.m2\repository\org\slf4j\slf4j-api\1.7.30\slf4j-api-1.7.30.jar;C:\Users\Nic\.m2\repository\net\automatalib\automata-core\0.10.0\automata-core-0.10.0.jar;C:\Users\Nic\.m2\repository\net\automatalib\automata-incremental\0.10.0\automata-incremental-0.10.0.jar;C:\Users\Nic\.m2\repository\net\automatalib\automata-modelchecking-ltsmin\0.10.0\automata-modelchecking-ltsmin-0.10.0.jar;C:\Users\Nic\.m2\repository\net\automatalib\automata-serialization-aut\0.10.0\automata-serialization-aut-0.10.0.jar;C:\Users\Nic\.m2\repository\net\automatalib\automata-serialization-core\0.10.0\automata-serialization-core-0.10.0.jar;C:\Users\Nic\.m2\repository\net\automatalib\automata-serialization-dot\0.10.0\automata-serialization-dot-0.10.0.jar;C:\Users\Nic\.m2\repository\net\automatalib\automata-serialization-etf\0.10.0\automata-serialization-etf-0.10.0.jar;C:\Users\Nic\.m2\repository\net\automatalib\automata-serialization-fsm\0.10.0\automata-serialization-fsm-0.10.0.jar;C:\Users\Nic\.m2\repository\net\automatalib\automata-serialization-learnlibv2\0.10.0\automata-serialization-learnlibv2-0.10.0.jar;C:\Users\Nic\.m2\repository\net\automatalib\automata-serialization-saf\0.10.0\automata-serialization-saf-0.10.0.jar;C:\Users\Nic\.m2\repository\net\automatalib\automata-serialization-taf\0.10.0\automata-serialization-taf-0.10.0.jar;C:\Users\Nic\.m2\repository\net\automatalib\automata-util\0.10.0\automata-util-0.10.0.jar;C:\Users\Nic\.m2\repository\net\automatalib\automata-dot-visualizer\0.10.0\automata-dot-visualizer-0.10.0.jar;C:\Users\Nic\.m2\repository\net\automatalib\automata-jung-visualizer\0.10.0\automata-jung-visualizer-0.10.0.jar;C:\Users\Nic\.m2\repository\com\github\misberner\graphviz-awt-shapes\graphviz-awt-shapes\0.0.1\graphviz-awt-shapes-0.0.1.jar;C:\Users\Nic\.m2\repository\net\sf\jung\jung-algorithms\2.1.1\jung-algorithms-2.1.1.jar;C:\Users\Nic\.m2\repository\net\sf\jung\jung-api\2.1.1\jung-api-2.1.1.jar;C:\Users\Nic\.m2\repository\net\sf\jung\jung-graph-impl\2.1.1\jung-graph-impl-2.1.1.jar;C:\Users\Nic\.m2\repository\net\sf\jung\jung-visualization\2.1.1\jung-visualization-2.1.1.jar;"/>
    <property name="sun.cpu.endian" value="little"/>
    <property name="user.home" value="C:\Users\Nic"/>
    <property name="user.language" value="de"/>
    <property name="java.specification.vendor" value="Oracle Corporation"/>
    <property name="java.version.date" value="2020-04-14"/>
    <property name="java.home" value="C:\Program Files\Java\jdk-14.0.1"/>
    <property name="file.separator" value="\"/>
    <property name="basedir" value="C:\Users\Nic\eclipse-workspace\com.vogella.maven.eclipse"/>
    <property name="java.vm.compressedOopsMode" value="32-bit"/>
    <property name="line.separator" value="&#10;"/>
    <property name="java.vm.specification.vendor" value="Oracle Corporation"/>
    <property name="java.specification.name" value="Java Platform API Specification"/>
    <property name="surefire.real.class.path" value="C:\Users\Nic\AppData\Local\Temp\surefire10321236040172160803\surefirebooter9531147263603061649.jar"/>
    <property name="user.script" value=""/>
    <property name="sun.management.compiler" value="HotSpot 64-Bit Tiered Compilers"/>
    <property name="java.runtime.version" value="14.0.1+7"/>
    <property name="user.name" value="Nic"/>
    <property name="path.separator" value=";"/>
    <property name="os.version" value="10.0"/>
    <property name="java.runtime.name" value="Java(TM) SE Runtime Environment"/>
    <property name="file.encoding" value="Cp1252"/>
    <property name="java.vm.name" value="Java HotSpot(TM) 64-Bit Server VM"/>
    <property name="localRepository" value="C:\Users\Nic\.m2\repository"/>
    <property name="java.vendor.url.bug" value="https://bugreport.java.com/bugreport/"/>
    <property name="java.io.tmpdir" value="C:\Users\Nic\AppData\Local\Temp\"/>
    <property name="java.version" value="14.0.1"/>
    <property name="user.dir" value="C:\Users\Nic\eclipse-workspace\com.vogella.maven.eclipse"/>
    <property name="os.arch" value="amd64"/>
    <property name="java.vm.specification.name" value="Java Virtual Machine Specification"/>
    <property name="sun.os.patch.level" value=""/>
    <property name="java.library.path" value="C:\Program Files\Java\jdk-14.0.1\bin;C:\WINDOWS\Sun\Java\bin;C:\WINDOWS\system32;C:\WINDOWS;C:/Program Files/Java/jdk-14.0.1/bin/server;C:/Program Files/Java/jdk-14.0.1/bin;C:\Program Files\Microsoft MPI\Bin\;C:\Program Files (x86)\Common Files\Oracle\Java\javapath;C:\ProgramData\Oracle\Java\javapath;C:\Program Files (x86)\Intel\iCLS Client\;C:\Program Files\Intel\iCLS Client\;C:\WINDOWS\system32;C:\WINDOWS;C:\WINDOWS\System32\Wbem;C:\WINDOWS\System32\WindowsPowerShell\v1.0\;C:\Program Files\Intel\Intel(R) Management Engine Components\DAL;C:\Program Files\Intel\Intel(R) Management Engine Components\IPT;C:\Program Files (x86)\Intel\Intel(R) Management Engine Components\DAL;C:\Program Files (x86)\Intel\Intel(R) Management Engine Components\IPT;C:\Program Files (x86)\NVIDIA Corporation\PhysX\Common;C:\Program Files (x86)\Windows Live\Shared;D:\Program Files\Livestreamer;C:\Program Files (x86)\GtkSharp\2.12\bin;C:\WINDOWS\System32\OpenSSH\;D:\Program Files\PuTTY\;C:\Program Files\NVIDIA Corporation\NVIDIA NvDLISR;D:\Program Files\CMake\bin;C:\Strawberry\c\bin;C:\Strawberry\perl\site\bin;C:\Strawberry\perl\bin;C:\Qt\Qt5.13.1\5.13.1\msvc2017_64\bin;C:\WINDOWS\system32;C:\WINDOWS;C:\WINDOWS\System32\Wbem;C:\WINDOWS\System32\WindowsPowerShell\v1.0\;C:\WINDOWS\System32\OpenSSH\;D:\Program Files\MATLAB\R2019b\bin;D:\Program Files\MiKTeX 2.9\miktex\bin\x64\;D:\Program Files\Git\cmd;C:\Program Files\MPICH2\bin;C:\Users\Nic\AppData\Local\Programs\Python\Python39\Scripts\;C:\Users\Nic\AppData\Local\Programs\Python\Python39\;C:\Users\Nic\AppData\Local\Streamlink\bin;C:\Users\Nic\AppData\Local\Microsoft\WindowsApps;D:\Program Files\VideoLAN\VLC;D:\Program Files\Mozilla Firefox;D:\Program Files\eclipse;C:\ffmpeg\bin;D:\Kram\Kram\Dateien\Dateien\Scripts;D:\Program Files\TrueCrypt;D:\Program Files\TV-Browser;D:\Kram\Kram\Dateien\Anwendungen\Spiele;C:\MinGW\bin\;C:\Users\Nic\AppData\Local\Android\Sdk\platform-tools;C:\Users\Nic\Desktop\Xslt\iconv-1.9.2.win32\bin;C:\Users\Nic\Desktop\Xslt\libxml2-2.7.8.win32\bin;C:\Users\Nic\Desktop\Xslt\libxslt-1.1.26.win32\bin;C:\Users\Nic\Desktop\Xslt\zlib-1.2.5\bin;C:\texlive\2020\bin\win32;C:\Program Files\MPICH2\bin;;C:\WINDOWS\system32;;."/>
    <property name="java.vm.info" value="mixed mode, sharing"/>
    <property name="java.vendor" value="Oracle Corporation"/>
    <property name="java.vm.version" value="14.0.1+7"/>
    <property name="sun.io.unicode.encoding" value="UnicodeLittle"/>
    <property name="java.class.version" value="58.0"/>
  </properties>
  <testcase name="shouldAnswerWithTrue" classname="com.vogella.maven.eclipse.AppTest" time="0.013"/>
</testsuite>